<?xml version="1.0" encoding="UTF-8"?>
<!-- Generated by org.testng.reporters.JUnitXMLReporter -->
<testsuite hostname="Reazs-MacBook-Pro.local" name="Adhock test 1" tests="4" failures="1" timestamp="18 Aug 2018 17:48:33 GMT" time="23.23" errors="0">
  <testcase name="sortingByAtoZ" time="0.008" classname="com.pom.test.MercendiseTest"/>
  <testcase name="sortingByHighToLow" time="2.296" classname="com.pom.test.MercendiseTest">
    <failure type="java.lang.NullPointerException">
      <![CDATA[java.lang.NullPointerException
	at com.pom.test.MercendiseTest.sortingByHighToLow(MercendiseTest.java:20)
... Removed 24 stack frames]]>
    </failure>
  </testcase> <!-- sortingByHighToLow -->
  <testcase name="sortingByLowToHigh" time="0.001" classname="com.pom.test.MercendiseTest"/>
  <testcase name="sortingByZtoA" time="0.001" classname="com.pom.test.MercendiseTest"/>
</testsuite> <!-- Adhock test 1 -->
