<?xml version="1.0" encoding="UTF-8"?>
<testng-results skipped="0" failed="1" total="1" passed="0">
  <reporter-output>
  </reporter-output>
  <suite name="Default suite" duration-ms="11933" started-at="2018-08-18T17:54:32Z" finished-at="2018-08-18T17:54:44Z">
    <groups>
    </groups>
    <test name="Default test" duration-ms="11933" started-at="2018-08-18T17:54:32Z" finished-at="2018-08-18T17:54:44Z">
      <class name="com.pom.test.MercendiseTest">
        <test-method status="PASS" signature="reportInit()[pri:0, instance:com.pom.test.MercendiseTest@3ffc5af1]" name="reportInit" is-config="true" duration-ms="328" started-at="2018-08-18T13:54:32Z" finished-at="2018-08-18T13:54:32Z">
          <reporter-output>
          </reporter-output>
        </test-method> <!-- reportInit -->
        <test-method status="PASS" signature="testStart()[pri:0, instance:com.pom.test.MercendiseTest@3ffc5af1]" name="testStart" is-config="true" duration-ms="8971" started-at="2018-08-18T13:54:32Z" finished-at="2018-08-18T13:54:41Z">
          <reporter-output>
          </reporter-output>
        </test-method> <!-- testStart -->
        <test-method status="FAIL" signature="sortingByHighToLow()[pri:0, instance:com.pom.test.MercendiseTest@3ffc5af1]" name="sortingByHighToLow" duration-ms="2608" started-at="2018-08-18T13:54:41Z" finished-at="2018-08-18T13:54:44Z">
          <exception class="java.lang.NullPointerException">
            <full-stacktrace>
              <![CDATA[java.lang.NullPointerException
	at com.pom.test.MercendiseTest.sortingByHighToLow(MercendiseTest.java:20)
	at sun.reflect.NativeMethodAccessorImpl.invoke0(Native Method)
	at sun.reflect.NativeMethodAccessorImpl.invoke(NativeMethodAccessorImpl.java:62)
	at sun.reflect.DelegatingMethodAccessorImpl.invoke(DelegatingMethodAccessorImpl.java:43)
	at java.lang.reflect.Method.invoke(Method.java:498)
	at org.testng.internal.MethodInvocationHelper.invokeMethod(MethodInvocationHelper.java:80)
	at org.testng.internal.Invoker.invokeMethod(Invoker.java:714)
	at org.testng.internal.Invoker.invokeTestMethod(Invoker.java:901)
	at org.testng.internal.Invoker.invokeTestMethods(Invoker.java:1231)
	at org.testng.internal.TestMethodWorker.invokeTestMethods(TestMethodWorker.java:127)
	at org.testng.internal.TestMethodWorker.run(TestMethodWorker.java:111)
	at org.testng.TestRunner.privateRun(TestRunner.java:767)
	at org.testng.TestRunner.run(TestRunner.java:617)
	at org.testng.SuiteRunner.runTest(SuiteRunner.java:334)
	at org.testng.SuiteRunner.runSequentially(SuiteRunner.java:329)
	at org.testng.SuiteRunner.privateRun(SuiteRunner.java:291)
	at org.testng.SuiteRunner.run(SuiteRunner.java:240)
	at org.testng.SuiteRunnerWorker.runSuite(SuiteRunnerWorker.java:52)
	at org.testng.SuiteRunnerWorker.run(SuiteRunnerWorker.java:86)
	at org.testng.TestNG.runSuitesSequentially(TestNG.java:1198)
	at org.testng.TestNG.runSuitesLocally(TestNG.java:1123)
	at org.testng.TestNG.run(TestNG.java:1031)
	at org.testng.remote.AbstractRemoteTestNG.run(AbstractRemoteTestNG.java:114)
	at org.testng.remote.RemoteTestNG.initAndRun(RemoteTestNG.java:251)
	at org.testng.remote.RemoteTestNG.main(RemoteTestNG.java:77)
]]>
            </full-stacktrace>
          </exception> <!-- java.lang.NullPointerException -->
          <reporter-output>
          </reporter-output>
        </test-method> <!-- sortingByHighToLow -->
        <test-method status="PASS" signature="testFinish()[pri:0, instance:com.pom.test.MercendiseTest@3ffc5af1]" name="testFinish" is-config="true" duration-ms="0" started-at="2018-08-18T13:54:44Z" finished-at="2018-08-18T13:54:44Z">
          <reporter-output>
          </reporter-output>
        </test-method> <!-- testFinish -->
        <test-method status="PASS" signature="reportClose()[pri:0, instance:com.pom.test.MercendiseTest@3ffc5af1]" name="reportClose" is-config="true" duration-ms="2" started-at="2018-08-18T13:54:44Z" finished-at="2018-08-18T13:54:44Z">
          <reporter-output>
          </reporter-output>
        </test-method> <!-- reportClose -->
      </class> <!-- com.pom.test.MercendiseTest -->
    </test> <!-- Default test -->
  </suite> <!-- Default suite -->
</testng-results>
